  MyForm.cpp
C:\Users\Alex\Desktop\Даша\Project1\Project1\MyForm.h(23,26): warning C4244: инициализация: преобразование "double" в "float", возможна потеря данных
  (компиляция исходного файла "MyForm.cpp")
  
C:\Users\Alex\Desktop\Даша\Project1\Project1\MyForm.h(73,28): warning C4244: инициализация: преобразование "double" в "float", возможна потеря данных
  (компиляция исходного файла "MyForm.cpp")
  
C:\Users\Alex\Desktop\Даша\Project1\Project1\MyForm.h(95,30): warning C4244: инициализация: преобразование "double" в "float", возможна потеря данных
  (компиляция исходного файла "MyForm.cpp")
  
C:\Users\Alex\Desktop\Даша\Project1\Project1\MyForm.h(116,24): warning C4244: инициализация: преобразование "double" в "float", возможна потеря данных
  (компиляция исходного файла "MyForm.cpp")
  
C:\Users\Alex\Desktop\Даша\Project1\Project1\MyForm.h(169,30): warning C4244: инициализация: преобразование "double" в "float", возможна потеря данных
  (компиляция исходного файла "MyForm.cpp")
  
C:\Users\Alex\Desktop\Даша\Project1\Project1\MyForm.h(202,63): warning C4244: аргумент: преобразование "int" в "float", возможна потеря данных
  (компиляция исходного файла "MyForm.cpp")
  
C:\Users\Alex\Desktop\Даша\Project1\Project1\MyForm.h(207,40): warning C4244: =: преобразование "int" в "float", возможна потеря данных
  (компиляция исходного файла "MyForm.cpp")
  
C:\Users\Alex\Desktop\Даша\Project1\Project1\MyForm.h(208,41): warning C4244: =: преобразование "int" в "float", возможна потеря данных
  (компиляция исходного файла "MyForm.cpp")
  
C:\Users\Alex\Desktop\Даша\Project1\Project1\MyForm.h(348,78): warning C4244: аргумент: преобразование "int" в "float", возможна потеря данных
  (компиляция исходного файла "MyForm.cpp")
  
C:\Users\Alex\Desktop\Даша\Project1\Project1\MyForm.h(362,36): warning C4305: =: усечение из "double" в "float"
  (компиляция исходного файла "MyForm.cpp")
  
C:\Users\Alex\Desktop\Даша\Project1\Project1\MyForm.h(377,26): warning C4244: инициализация: преобразование "double" в "float", возможна потеря данных
  (компиляция исходного файла "MyForm.cpp")
  
  MyForm.obj : обнаружен модуль MSIL; для MSIL последовательная компоновка отключена; выполняется полная компоновка
  Project1.vcxproj -> C:\Users\Alex\Desktop\Даша\Project1\x64\Debug\Project1.exe
