c:\users\alex\desktop\даша\project2\project2\x64\debug\vc143.pdb
c:\users\alex\desktop\даша\project2\project2\x64\debug\.netframework,version=v4.7.2.assemblyattributes.obj
c:\users\alex\desktop\даша\project2\project2\x64\debug\myform.obj
c:\users\alex\desktop\даша\project2\project2\x64\debug\myform2.obj
c:\users\alex\desktop\даша\project2\project2\x64\debug\myform1.obj
c:\users\alex\desktop\даша\project2\project2\x64\debug\character.obj
c:\users\alex\desktop\даша\project2\x64\debug\project2.exe
c:\users\alex\desktop\даша\project2\x64\debug\project2.pdb
c:\users\alex\desktop\даша\project2\project2\x64\debug\project2.tlog\cl.command.1.tlog
c:\users\alex\desktop\даша\project2\project2\x64\debug\project2.tlog\cl.items.tlog
c:\users\alex\desktop\даша\project2\project2\x64\debug\project2.tlog\cl.read.1.tlog
c:\users\alex\desktop\даша\project2\project2\x64\debug\project2.tlog\cl.write.1.tlog
c:\users\alex\desktop\даша\project2\project2\x64\debug\project2.tlog\link.15532.read.1.tlog
c:\users\alex\desktop\даша\project2\project2\x64\debug\project2.tlog\link.command.1.tlog
c:\users\alex\desktop\даша\project2\project2\x64\debug\project2.tlog\link.read.1.tlog
c:\users\alex\desktop\даша\project2\project2\x64\debug\project2.tlog\link.read.2.tlog
c:\users\alex\desktop\даша\project2\project2\x64\debug\project2.tlog\link.write.1.tlog
c:\users\alex\desktop\даша\project2\project2\x64\debug\project2.tlog\metagen.read.1.tlog
c:\users\alex\desktop\даша\project2\project2\x64\debug\project2.tlog\metagen.write.1.tlog
c:\users\alex\desktop\даша\project2\project2\x64\debug\project2.tlog\resgen.command.1.tlog
c:\users\alex\desktop\даша\project2\project2\x64\debug\project2.tlog\resgen.read.1.tlog
c:\users\alex\desktop\даша\project2\project2\x64\debug\project2.tlog\resgen.write.1.tlog
